<?xml version="1.0" encoding="UTF-8"?>
<robot generator="Robot 4.0b1 (Python 3.8.5 on win32)" generated="20221214 19:13:52.099" rpa="false">
<suite id="s1" name="Crm" source="C:\Users\admin\PycharmProjects\thecrmproject\tests\crm.robot">
<test id="s1-t1" name="User can login with valid credentials">
<kw name="Open Browser" library="SeleniumLibrary">
<doc>Opens a new browser instance to the optional ``url``.</doc>
<arguments>
<arg>${SITE_URL}</arg>
<arg>${BROWSER}</arg>
</arguments>
<msg timestamp="20221214 19:13:52.446" level="INFO">Opening browser 'chrome' to base url 'https://automationplayground.com/crm'.</msg>
<status status="PASS" starttime="20221214 19:13:52.445" endtime="20221214 19:13:57.009"></status>
</kw>
<kw name="Maximize Browser Window" library="SeleniumLibrary">
<doc>Maximizes current browser window.</doc>
<status status="PASS" starttime="20221214 19:13:57.010" endtime="20221214 19:13:57.130"></status>
</kw>
<kw name="Sleep" library="BuiltIn">
<doc>Pauses the test executed for the given time.</doc>
<arguments>
<arg>1s</arg>
</arguments>
<msg timestamp="20221214 19:13:58.140" level="INFO">Slept 1 second</msg>
<status status="PASS" starttime="20221214 19:13:57.131" endtime="20221214 19:13:58.140"></status>
</kw>
<kw name="Click Element" library="SeleniumLibrary">
<doc>Click the element identified by ``locator``.</doc>
<arguments>
<arg>xpath=/html/body/nav/ul/li/a</arg>
</arguments>
<msg timestamp="20221214 19:13:58.141" level="INFO">Clicking element 'xpath=/html/body/nav/ul/li/a'.</msg>
<status status="PASS" starttime="20221214 19:13:58.141" endtime="20221214 19:13:58.382"></status>
</kw>
<kw name="Sleep" library="BuiltIn">
<doc>Pauses the test executed for the given time.</doc>
<arguments>
<arg>2s</arg>
</arguments>
<msg timestamp="20221214 19:14:00.389" level="INFO">Slept 2 seconds</msg>
<status status="PASS" starttime="20221214 19:13:58.383" endtime="20221214 19:14:00.389"></status>
</kw>
<kw name="Input Text" library="SeleniumLibrary">
<doc>Types the given ``text`` into the text field identified by ``locator``.</doc>
<arguments>
<arg>xpath=//*[@id="email-id"]</arg>
<arg>${EMAIL_ADDY}</arg>
</arguments>
<msg timestamp="20221214 19:14:00.390" level="INFO">Typing text 'musabaca@yahoo.com' into text field 'xpath=//*[@id="email-id"]'.</msg>
<status status="PASS" starttime="20221214 19:14:00.390" endtime="20221214 19:14:00.513"></status>
</kw>
<kw name="Input Text" library="SeleniumLibrary">
<doc>Types the given ``text`` into the text field identified by ``locator``.</doc>
<arguments>
<arg>xpath=//*[@id="password"]</arg>
<arg>${PASSWORD}</arg>
</arguments>
<msg timestamp="20221214 19:14:00.514" level="INFO">Typing text 'adekunle' into text field 'xpath=//*[@id="password"]'.</msg>
<status status="PASS" starttime="20221214 19:14:00.513" endtime="20221214 19:14:00.631"></status>
</kw>
<kw name="Click Button" library="SeleniumLibrary">
<doc>Clicks the button identified by ``locator``.</doc>
<arguments>
<arg>xpath= //*[@id="submit-id"]</arg>
</arguments>
<msg timestamp="20221214 19:14:00.632" level="INFO">Clicking button 'xpath= //*[@id="submit-id"]'.</msg>
<status status="PASS" starttime="20221214 19:14:00.632" endtime="20221214 19:14:01.069"></status>
</kw>
<kw name="Sleep" library="BuiltIn">
<doc>Pauses the test executed for the given time.</doc>
<arguments>
<arg>1s</arg>
</arguments>
<msg timestamp="20221214 19:14:02.070" level="INFO">Slept 1 second</msg>
<status status="PASS" starttime="20221214 19:14:01.069" endtime="20221214 19:14:02.070"></status>
</kw>
<kw name="Wait Until Page Contains" library="SeleniumLibrary">
<doc>Waits until ``text`` appears on the current page.</doc>
<arguments>
<arg>New Customer</arg>
</arguments>
<status status="PASS" starttime="20221214 19:14:02.071" endtime="20221214 19:14:02.086"></status>
</kw>
<doc>This is to test user login with valid credentials</doc>
<tags>
<tag>Login</tag>
</tags>
<status status="PASS" starttime="20221214 19:13:52.444" endtime="20221214 19:14:02.087"></status>
</test>
<test id="s1-t2" name="Create new customer">
<kw name="Click Element" library="SeleniumLibrary">
<doc>Click the element identified by ``locator``.</doc>
<arguments>
<arg>xpath=//*[@id="new-customer"]</arg>
</arguments>
<msg timestamp="20221214 19:14:02.090" level="INFO">Clicking element 'xpath=//*[@id="new-customer"]'.</msg>
<status status="PASS" starttime="20221214 19:14:02.090" endtime="20221214 19:14:02.434"></status>
</kw>
<kw name="Sleep" library="BuiltIn">
<doc>Pauses the test executed for the given time.</doc>
<arguments>
<arg>1s</arg>
</arguments>
<msg timestamp="20221214 19:14:03.450" level="INFO">Slept 1 second</msg>
<status status="PASS" starttime="20221214 19:14:02.435" endtime="20221214 19:14:03.450"></status>
</kw>
<kw name="Wait Until Page Contains" library="SeleniumLibrary">
<doc>Waits until ``text`` appears on the current page.</doc>
<arguments>
<arg>Add Customer</arg>
</arguments>
<status status="PASS" starttime="20221214 19:14:03.451" endtime="20221214 19:14:03.467"></status>
</kw>
<kw name="Input Text" library="SeleniumLibrary">
<doc>Types the given ``text`` into the text field identified by ``locator``.</doc>
<arguments>
<arg>xpath= //*[@id="EmailAddress"]</arg>
<arg>${EMAIL_ADDY}</arg>
</arguments>
<msg timestamp="20221214 19:14:03.467" level="INFO">Typing text 'musabaca@yahoo.com' into text field 'xpath= //*[@id="EmailAddress"]'.</msg>
<status status="PASS" starttime="20221214 19:14:03.467" endtime="20221214 19:14:03.590"></status>
</kw>
<kw name="Input Text" library="SeleniumLibrary">
<doc>Types the given ``text`` into the text field identified by ``locator``.</doc>
<arguments>
<arg>xpath = //*[@id="FirstName"]</arg>
<arg>Theophilus</arg>
</arguments>
<msg timestamp="20221214 19:14:03.591" level="INFO">Typing text 'Theophilus' into text field 'xpath = //*[@id="FirstName"]'.</msg>
<status status="PASS" starttime="20221214 19:14:03.590" endtime="20221214 19:14:03.706"></status>
</kw>
<kw name="Input Text" library="SeleniumLibrary">
<doc>Types the given ``text`` into the text field identified by ``locator``.</doc>
<arguments>
<arg>xpath = //*[@id="LastName"]</arg>
<arg>Adejumo</arg>
</arguments>
<msg timestamp="20221214 19:14:03.707" level="INFO">Typing text 'Adejumo' into text field 'xpath = //*[@id="LastName"]'.</msg>
<status status="PASS" starttime="20221214 19:14:03.707" endtime="20221214 19:14:03.819"></status>
</kw>
<kw name="Input Text" library="SeleniumLibrary">
<doc>Types the given ``text`` into the text field identified by ``locator``.</doc>
<arguments>
<arg>xpath = //*[@id="City"]</arg>
<arg>Ilorin</arg>
</arguments>
<msg timestamp="20221214 19:14:03.820" level="INFO">Typing text 'Ilorin' into text field 'xpath = //*[@id="City"]'.</msg>
<status status="PASS" starttime="20221214 19:14:03.819" endtime="20221214 19:14:03.931"></status>
</kw>
<kw name="Click Element" library="SeleniumLibrary">
<doc>Click the element identified by ``locator``.</doc>
<arguments>
<arg>//*[@id="StateOrRegion"]</arg>
</arguments>
<msg timestamp="20221214 19:14:03.932" level="INFO">Clicking element '//*[@id="StateOrRegion"]'.</msg>
<status status="PASS" starttime="20221214 19:14:03.931" endtime="20221214 19:14:04.013"></status>
</kw>
<kw name="Sleep" library="BuiltIn">
<doc>Pauses the test executed for the given time.</doc>
<arguments>
<arg>3s</arg>
</arguments>
<msg timestamp="20221214 19:14:07.028" level="INFO">Slept 3 seconds</msg>
<status status="PASS" starttime="20221214 19:14:04.014" endtime="20221214 19:14:07.028"></status>
</kw>
<kw name="Select From List By Value" library="SeleniumLibrary">
<doc>Selects options from selection list ``locator`` by ``values``.</doc>
<arguments>
<arg>id=StateOrRegion</arg>
<arg>TX</arg>
</arguments>
<msg timestamp="20221214 19:14:07.030" level="INFO">Selecting options from selection list 'id=StateOrRegion' by value TX.</msg>
<status status="PASS" starttime="20221214 19:14:07.029" endtime="20221214 19:14:07.115"></status>
</kw>
<kw name="Click Element" library="SeleniumLibrary">
<doc>Click the element identified by ``locator``.</doc>
<arguments>
<arg>//*[@id="StateOrRegion"]</arg>
</arguments>
<msg timestamp="20221214 19:14:07.116" level="INFO">Clicking element '//*[@id="StateOrRegion"]'.</msg>
<status status="PASS" starttime="20221214 19:14:07.116" endtime="20221214 19:14:07.179"></status>
</kw>
<kw name="Select Radio Button" library="SeleniumLibrary">
<doc>Sets the radio button group ``group_name`` to ``value``.</doc>
<arguments>
<arg>gender</arg>
<arg>male</arg>
</arguments>
<msg timestamp="20221214 19:14:07.180" level="INFO">Selecting 'male' from radio button 'gender'.</msg>
<status status="PASS" starttime="20221214 19:14:07.180" endtime="20221214 19:14:07.250"></status>
</kw>
<kw name="Click Button" library="SeleniumLibrary">
<doc>Clicks the button identified by ``locator``.</doc>
<arguments>
<arg>xpath = //*[@id="loginform"]/div/div/div/div/form/button</arg>
</arguments>
<msg timestamp="20221214 19:14:07.251" level="INFO">Clicking button 'xpath = //*[@id="loginform"]/div/div/div/div/form/button'.</msg>
<status status="PASS" starttime="20221214 19:14:07.251" endtime="20221214 19:14:07.533"></status>
</kw>
<kw name="Page Should Contain" library="SeleniumLibrary">
<doc>Verifies that current page contains ``text``.</doc>
<arguments>
<arg>Success! New customer added.</arg>
</arguments>
<msg timestamp="20221214 19:14:07.553" level="INFO">Current page contains text 'Success! New customer added.'.</msg>
<status status="PASS" starttime="20221214 19:14:07.534" endtime="20221214 19:14:07.553"></status>
</kw>
<kw name="Sleep" library="BuiltIn">
<doc>Pauses the test executed for the given time.</doc>
<arguments>
<arg>5s</arg>
</arguments>
<msg timestamp="20221214 19:14:12.561" level="INFO">Slept 5 seconds</msg>
<status status="PASS" starttime="20221214 19:14:07.554" endtime="20221214 19:14:12.561"></status>
</kw>
<kw name="Close Browser" library="SeleniumLibrary">
<doc>Closes the current browser.</doc>
<status status="PASS" starttime="20221214 19:14:12.562" endtime="20221214 19:14:14.700"></status>
</kw>
<doc>Precondition: the customer is already logged in</doc>
<tags>
<tag>Smoke</tag>
</tags>
<status status="PASS" starttime="20221214 19:14:02.089" endtime="20221214 19:14:14.701"></status>
</test>
<doc>Testing the crm site from Udemy Robot framework course</doc>
<status status="PASS" starttime="20221214 19:13:52.102" endtime="20221214 19:14:14.703"></status>
</suite>
<statistics>
<total>
<stat pass="2" fail="0" skip="0">All Tests</stat>
</total>
<tag>
<stat pass="1" fail="0" skip="0">Login</stat>
<stat pass="1" fail="0" skip="0">Smoke</stat>
</tag>
<suite>
<stat pass="2" fail="0" skip="0" id="s1" name="Crm">Crm</stat>
</suite>
</statistics>
<errors>
</errors>
</robot>
